<?xml version="1.0" encoding="UTF-8"?>
<!-- Generated by org.testng.reporters.JUnitXMLReporter -->
<testsuite hostname="Ashu-PC" name="Default test" tests="3" failures="0" timestamp="26 Nov 2017 21:52:21 GMT" time="192.218" errors="0">
  <testcase name="Export_Mail_OG" time="33.553" classname="com.edge.CheneyOnline.TestCheneyExecutor"/>
  <testcase name="Export_Mail_OG" time="19.984" classname="com.edge.CheneyOnline.TestCheneyExecutor"/>
  <testcase name="Export_Mail_OG" time="115.362" classname="com.edge.CheneyOnline.TestCheneyExecutor"/>
</testsuite> <!-- Default test -->
