<?xml version="1.0" encoding="UTF-8"?>
<testng-results skipped="0" failed="0" total="1" passed="1">
  <reporter-output>
  </reporter-output>
  <suite name="Default suite" duration-ms="38052" started-at="2017-11-28T22:37:46Z" finished-at="2017-11-28T22:38:24Z">
    <groups>
    </groups>
    <test name="Default test" duration-ms="38052" started-at="2017-11-28T22:37:46Z" finished-at="2017-11-28T22:38:24Z">
      <class name="com.edge.CheneyOnline.TestCheneyExecutor">
        <test-method status="PASS" signature="beforeData()[pri:0, instance:com.edge.CheneyOnline.TestCheneyExecutor@6325a3ee]" name="beforeData" is-config="true" duration-ms="1919" started-at="2017-11-29T04:07:46Z" finished-at="2017-11-29T04:07:48Z">
          <reporter-output>
          </reporter-output>
        </test-method> <!-- beforeData -->
        <test-method status="PASS" signature="setUp()[pri:0, instance:com.edge.CheneyOnline.TestCheneyExecutor@6325a3ee]" name="setUp" is-config="true" duration-ms="9186" started-at="2017-11-29T04:07:48Z" finished-at="2017-11-29T04:07:57Z">
          <reporter-output>
          </reporter-output>
        </test-method> <!-- setUp -->
        <test-method status="PASS" signature="Export_Mail_OG(java.lang.String, java.lang.String, java.lang.String, java.lang.String, java.lang.String, java.lang.String, java.lang.String, java.lang.String, java.lang.String)[pri:0, instance:com.edge.CheneyOnline.TestCheneyExecutor@6325a3ee]" name="Export_Mail_OG" duration-ms="16450" started-at="2017-11-29T04:07:57Z" data-provider="testData" finished-at="2017-11-29T04:08:14Z">
          <params>
            <param index="0">
              <value>
                <![CDATA[Yes]]>
              </value>
            </param>
            <param index="1">
              <value>
                <![CDATA[Dada_Cheney]]>
              </value>
            </param>
            <param index="2">
              <value>
                <![CDATA[Cheney]]>
              </value>
            </param>
            <param index="3">
              <value>
                <![CDATA[Dada of Delray]]>
              </value>
            </param>
            <param index="4">
              <value>
                <![CDATA[025991-00CBI]]>
              </value>
            </param>
            <param index="5">
              <value>
                <![CDATA[Dada]]>
              </value>
            </param>
            <param index="6">
              <value is-null="true"/>
            </param>
            <param index="7">
              <value is-null="true"/>
            </param>
            <param index="8">
              <value is-null="true"/>
            </param>
          </params>
          <reporter-output>
          </reporter-output>
        </test-method> <!-- Export_Mail_OG -->
        <test-method status="PASS" signature="writeExcel()[pri:0, instance:com.edge.CheneyOnline.TestCheneyExecutor@6325a3ee]" name="writeExcel" is-config="true" duration-ms="1382" started-at="2017-11-29T04:08:14Z" finished-at="2017-11-29T04:08:15Z">
          <reporter-output>
          </reporter-output>
        </test-method> <!-- writeExcel -->
        <test-method status="PASS" signature="sendMail()[pri:0, instance:com.edge.CheneyOnline.TestCheneyExecutor@6325a3ee]" name="sendMail" is-config="true" duration-ms="5753" started-at="2017-11-29T04:08:15Z" finished-at="2017-11-29T04:08:21Z">
          <reporter-output>
          </reporter-output>
        </test-method> <!-- sendMail -->
        <test-method status="PASS" signature="closeResources()[pri:0, instance:com.edge.CheneyOnline.TestCheneyExecutor@6325a3ee]" name="closeResources" is-config="true" duration-ms="3310" started-at="2017-11-29T04:08:21Z" finished-at="2017-11-29T04:08:24Z">
          <reporter-output>
          </reporter-output>
        </test-method> <!-- closeResources -->
      </class> <!-- com.edge.CheneyOnline.TestCheneyExecutor -->
    </test> <!-- Default test -->
  </suite> <!-- Default suite -->
</testng-results>
