<?xml version="1.0" encoding="UTF-8"?>
<testng-results skipped="0" failed="1" total="15" passed="14">
  <reporter-output>
  </reporter-output>
  <suite name="Default suite" duration-ms="920145" started-at="2017-03-19T09:53:59Z" finished-at="2017-03-19T10:09:20Z">
    <groups>
    </groups>
    <test name="Default test" duration-ms="920145" started-at="2017-03-19T09:53:59Z" finished-at="2017-03-19T10:09:20Z">
      <class name="com.edge.CheneyOnline.TestCheneyOnline">
        <test-method status="PASS" signature="setup()[pri:0, instance:com.edge.CheneyOnline.TestCheneyOnline@399f45b1]" name="setup" is-config="true" duration-ms="23" started-at="2017-03-19T02:53:59Z" finished-at="2017-03-19T02:53:59Z">
          <reporter-output>
          </reporter-output>
        </test-method> <!-- setup -->
        <test-method status="PASS" signature="beforeTest()[pri:0, instance:com.edge.CheneyOnline.TestCheneyOnline@399f45b1]" name="beforeTest" is-config="true" duration-ms="2780" started-at="2017-03-19T02:53:59Z" finished-at="2017-03-19T02:54:02Z">
          <reporter-output>
          </reporter-output>
        </test-method> <!-- beforeTest -->
        <test-method status="PASS" signature="Dada_Cheney()[pri:0, instance:com.edge.CheneyOnline.TestCheneyOnline@399f45b1]" name="Dada_Cheney" duration-ms="92649" started-at="2017-03-19T02:54:02Z" finished-at="2017-03-19T02:55:35Z">
          <reporter-output>
          </reporter-output>
        </test-method> <!-- Dada_Cheney -->
        <test-method status="PASS" signature="pretearDown()[pri:0, instance:com.edge.CheneyOnline.TestCheneyOnline@399f45b1]" name="pretearDown" is-config="true" duration-ms="1094" started-at="2017-03-19T02:55:35Z" finished-at="2017-03-19T02:55:36Z">
          <reporter-output>
          </reporter-output>
        </test-method> <!-- pretearDown -->
        <test-method status="PASS" signature="beforeTest()[pri:0, instance:com.edge.CheneyOnline.TestCheneyOnline@399f45b1]" name="beforeTest" is-config="true" duration-ms="1194" started-at="2017-03-19T02:55:36Z" finished-at="2017-03-19T02:55:37Z">
          <reporter-output>
          </reporter-output>
        </test-method> <!-- beforeTest -->
        <test-method status="PASS" signature="House_Cheney()[pri:0, instance:com.edge.CheneyOnline.TestCheneyOnline@399f45b1]" name="House_Cheney" duration-ms="58951" started-at="2017-03-19T02:55:37Z" finished-at="2017-03-19T02:56:36Z">
          <reporter-output>
          </reporter-output>
        </test-method> <!-- House_Cheney -->
        <test-method status="PASS" signature="pretearDown()[pri:0, instance:com.edge.CheneyOnline.TestCheneyOnline@399f45b1]" name="pretearDown" is-config="true" duration-ms="894" started-at="2017-03-19T02:56:36Z" finished-at="2017-03-19T02:56:37Z">
          <reporter-output>
          </reporter-output>
        </test-method> <!-- pretearDown -->
        <test-method status="PASS" signature="beforeTest()[pri:0, instance:com.edge.CheneyOnline.TestCheneyOnline@399f45b1]" name="beforeTest" is-config="true" duration-ms="1279" started-at="2017-03-19T02:56:37Z" finished-at="2017-03-19T02:56:38Z">
          <reporter-output>
          </reporter-output>
        </test-method> <!-- beforeTest -->
        <test-method status="PASS" signature="Howleys_Cheney()[pri:0, instance:com.edge.CheneyOnline.TestCheneyOnline@399f45b1]" name="Howleys_Cheney" duration-ms="45612" started-at="2017-03-19T02:56:38Z" finished-at="2017-03-19T02:57:24Z">
          <reporter-output>
          </reporter-output>
        </test-method> <!-- Howleys_Cheney -->
        <test-method status="PASS" signature="pretearDown()[pri:0, instance:com.edge.CheneyOnline.TestCheneyOnline@399f45b1]" name="pretearDown" is-config="true" duration-ms="825" started-at="2017-03-19T02:57:24Z" finished-at="2017-03-19T02:57:25Z">
          <reporter-output>
          </reporter-output>
        </test-method> <!-- pretearDown -->
        <test-method status="PASS" signature="beforeTest()[pri:0, instance:com.edge.CheneyOnline.TestCheneyOnline@399f45b1]" name="beforeTest" is-config="true" duration-ms="1181" started-at="2017-03-19T02:57:25Z" finished-at="2017-03-19T02:57:26Z">
          <reporter-output>
          </reporter-output>
        </test-method> <!-- beforeTest -->
        <test-method status="PASS" signature="Boynton_Cheney()[pri:0, instance:com.edge.CheneyOnline.TestCheneyOnline@399f45b1]" name="Boynton_Cheney" duration-ms="48916" started-at="2017-03-19T02:57:26Z" finished-at="2017-03-19T02:58:15Z">
          <reporter-output>
          </reporter-output>
        </test-method> <!-- Boynton_Cheney -->
        <test-method status="PASS" signature="pretearDown()[pri:0, instance:com.edge.CheneyOnline.TestCheneyOnline@399f45b1]" name="pretearDown" is-config="true" duration-ms="870" started-at="2017-03-19T02:58:15Z" finished-at="2017-03-19T02:58:16Z">
          <reporter-output>
          </reporter-output>
        </test-method> <!-- pretearDown -->
        <test-method status="PASS" signature="beforeTest()[pri:0, instance:com.edge.CheneyOnline.TestCheneyOnline@399f45b1]" name="beforeTest" is-config="true" duration-ms="1248" started-at="2017-03-19T02:58:16Z" finished-at="2017-03-19T02:58:17Z">
          <reporter-output>
          </reporter-output>
        </test-method> <!-- beforeTest -->
        <test-method status="PASS" signature="Wellington_Cheney()[pri:0, instance:com.edge.CheneyOnline.TestCheneyOnline@399f45b1]" name="Wellington_Cheney" duration-ms="46780" started-at="2017-03-19T02:58:17Z" finished-at="2017-03-19T02:59:04Z">
          <reporter-output>
          </reporter-output>
        </test-method> <!-- Wellington_Cheney -->
        <test-method status="PASS" signature="pretearDown()[pri:0, instance:com.edge.CheneyOnline.TestCheneyOnline@399f45b1]" name="pretearDown" is-config="true" duration-ms="799" started-at="2017-03-19T02:59:04Z" finished-at="2017-03-19T02:59:05Z">
          <reporter-output>
          </reporter-output>
        </test-method> <!-- pretearDown -->
        <test-method status="PASS" signature="beforeTest()[pri:0, instance:com.edge.CheneyOnline.TestCheneyOnline@399f45b1]" name="beforeTest" is-config="true" duration-ms="1477" started-at="2017-03-19T02:59:05Z" finished-at="2017-03-19T02:59:06Z">
          <reporter-output>
          </reporter-output>
        </test-method> <!-- beforeTest -->
        <test-method status="PASS" signature="CafeHeavenly_Cheney()[pri:0, instance:com.edge.CheneyOnline.TestCheneyOnline@399f45b1]" name="CafeHeavenly_Cheney" duration-ms="48634" started-at="2017-03-19T02:59:06Z" finished-at="2017-03-19T02:59:55Z">
          <reporter-output>
          </reporter-output>
        </test-method> <!-- CafeHeavenly_Cheney -->
        <test-method status="PASS" signature="pretearDown()[pri:0, instance:com.edge.CheneyOnline.TestCheneyOnline@399f45b1]" name="pretearDown" is-config="true" duration-ms="870" started-at="2017-03-19T02:59:55Z" finished-at="2017-03-19T02:59:56Z">
          <reporter-output>
          </reporter-output>
        </test-method> <!-- pretearDown -->
        <test-method status="PASS" signature="beforeTest()[pri:0, instance:com.edge.CheneyOnline.TestCheneyOnline@399f45b1]" name="beforeTest" is-config="true" duration-ms="1065" started-at="2017-03-19T02:59:56Z" finished-at="2017-03-19T02:59:57Z">
          <reporter-output>
          </reporter-output>
        </test-method> <!-- beforeTest -->
        <test-method status="PASS" signature="Oceans234_Cheney()[pri:0, instance:com.edge.CheneyOnline.TestCheneyOnline@399f45b1]" name="Oceans234_Cheney" duration-ms="43513" started-at="2017-03-19T02:59:57Z" finished-at="2017-03-19T03:00:40Z">
          <reporter-output>
          </reporter-output>
        </test-method> <!-- Oceans234_Cheney -->
        <test-method status="PASS" signature="pretearDown()[pri:0, instance:com.edge.CheneyOnline.TestCheneyOnline@399f45b1]" name="pretearDown" is-config="true" duration-ms="871" started-at="2017-03-19T03:00:40Z" finished-at="2017-03-19T03:00:41Z">
          <reporter-output>
          </reporter-output>
        </test-method> <!-- pretearDown -->
        <test-method status="PASS" signature="beforeTest()[pri:0, instance:com.edge.CheneyOnline.TestCheneyOnline@399f45b1]" name="beforeTest" is-config="true" duration-ms="1232" started-at="2017-03-19T03:00:41Z" finished-at="2017-03-19T03:00:42Z">
          <reporter-output>
          </reporter-output>
        </test-method> <!-- beforeTest -->
        <test-method status="PASS" signature="ShulaBurgerKendall_Cheney()[pri:0, instance:com.edge.CheneyOnline.TestCheneyOnline@399f45b1]" name="ShulaBurgerKendall_Cheney" duration-ms="28364" started-at="2017-03-19T03:00:42Z" finished-at="2017-03-19T03:01:11Z">
          <reporter-output>
          </reporter-output>
        </test-method> <!-- ShulaBurgerKendall_Cheney -->
        <test-method status="PASS" signature="pretearDown()[pri:0, instance:com.edge.CheneyOnline.TestCheneyOnline@399f45b1]" name="pretearDown" is-config="true" duration-ms="908" started-at="2017-03-19T03:01:11Z" finished-at="2017-03-19T03:01:11Z">
          <reporter-output>
          </reporter-output>
        </test-method> <!-- pretearDown -->
        <test-method status="PASS" signature="beforeTest()[pri:0, instance:com.edge.CheneyOnline.TestCheneyOnline@399f45b1]" name="beforeTest" is-config="true" duration-ms="1088" started-at="2017-03-19T03:01:11Z" finished-at="2017-03-19T03:01:13Z">
          <reporter-output>
          </reporter-output>
        </test-method> <!-- beforeTest -->
        <test-method status="PASS" signature="ShulaBurgerPC_Cheney()[pri:0, instance:com.edge.CheneyOnline.TestCheneyOnline@399f45b1]" name="ShulaBurgerPC_Cheney" duration-ms="28656" started-at="2017-03-19T03:01:13Z" finished-at="2017-03-19T03:01:41Z">
          <reporter-output>
          </reporter-output>
        </test-method> <!-- ShulaBurgerPC_Cheney -->
        <test-method status="PASS" signature="pretearDown()[pri:0, instance:com.edge.CheneyOnline.TestCheneyOnline@399f45b1]" name="pretearDown" is-config="true" duration-ms="911" started-at="2017-03-19T03:01:41Z" finished-at="2017-03-19T03:01:42Z">
          <reporter-output>
          </reporter-output>
        </test-method> <!-- pretearDown -->
        <test-method status="PASS" signature="beforeTest()[pri:0, instance:com.edge.CheneyOnline.TestCheneyOnline@399f45b1]" name="beforeTest" is-config="true" duration-ms="1318" started-at="2017-03-19T03:01:42Z" finished-at="2017-03-19T03:01:43Z">
          <reporter-output>
          </reporter-output>
        </test-method> <!-- beforeTest -->
        <test-method status="PASS" signature="TrumpIntl_Cheney()[pri:0, instance:com.edge.CheneyOnline.TestCheneyOnline@399f45b1]" name="TrumpIntl_Cheney" duration-ms="128710" started-at="2017-03-19T03:01:43Z" finished-at="2017-03-19T03:03:52Z">
          <reporter-output>
          </reporter-output>
        </test-method> <!-- TrumpIntl_Cheney -->
        <test-method status="PASS" signature="pretearDown()[pri:0, instance:com.edge.CheneyOnline.TestCheneyOnline@399f45b1]" name="pretearDown" is-config="true" duration-ms="946" started-at="2017-03-19T03:03:52Z" finished-at="2017-03-19T03:03:53Z">
          <reporter-output>
          </reporter-output>
        </test-method> <!-- pretearDown -->
        <test-method status="PASS" signature="beforeTest()[pri:0, instance:com.edge.CheneyOnline.TestCheneyOnline@399f45b1]" name="beforeTest" is-config="true" duration-ms="1225" started-at="2017-03-19T03:03:53Z" finished-at="2017-03-19T03:03:54Z">
          <reporter-output>
          </reporter-output>
        </test-method> <!-- beforeTest -->
        <test-method status="PASS" signature="TrumpNational_Cheney()[pri:0, instance:com.edge.CheneyOnline.TestCheneyOnline@399f45b1]" name="TrumpNational_Cheney" duration-ms="97186" started-at="2017-03-19T03:03:54Z" finished-at="2017-03-19T03:05:32Z">
          <reporter-output>
          </reporter-output>
        </test-method> <!-- TrumpNational_Cheney -->
        <test-method status="PASS" signature="pretearDown()[pri:0, instance:com.edge.CheneyOnline.TestCheneyOnline@399f45b1]" name="pretearDown" is-config="true" duration-ms="886" started-at="2017-03-19T03:05:32Z" finished-at="2017-03-19T03:05:32Z">
          <reporter-output>
          </reporter-output>
        </test-method> <!-- pretearDown -->
        <test-method status="PASS" signature="beforeTest()[pri:0, instance:com.edge.CheneyOnline.TestCheneyOnline@399f45b1]" name="beforeTest" is-config="true" duration-ms="1184" started-at="2017-03-19T03:05:32Z" finished-at="2017-03-19T03:05:34Z">
          <reporter-output>
          </reporter-output>
        </test-method> <!-- beforeTest -->
        <test-method status="FAIL" signature="Wycliff_Cheney()[pri:0, instance:com.edge.CheneyOnline.TestCheneyOnline@399f45b1]" name="Wycliff_Cheney" duration-ms="58753" started-at="2017-03-19T03:05:34Z" finished-at="2017-03-19T03:06:32Z">
          <exception class="org.openqa.selenium.NoSuchElementException">
            <message>
              <![CDATA[no such element: Unable to locate element: {"method":"xpath","selector":"//a[contains(.,'Ordering')]"}
  (Session info: chrome=56.0.2924.87)
  (Driver info: chromedriver=2.27.440174 (e97a722caafc2d3a8b807ee115bfb307f7d2cfd9),platform=Windows NT 6.3.9600 x86_64) (WARNING: The server did not provide any stacktrace information)
Command duration or timeout: 5.07 seconds
For documentation on this error, please visit: http://seleniumhq.org/exceptions/no_such_element.html
Build info: version: '3.0.1', revision: '1969d75', time: '2016-10-18 09:49:13 -0700'
System info: host: '1SF28Q', ip: '67.225.160.228', os.name: 'Windows Server 2012 R2', os.arch: 'amd64', os.version: '6.3', java.version: '1.8.0_121'
Driver info: org.openqa.selenium.chrome.ChromeDriver
Capabilities [{applicationCacheEnabled=false, rotatable=false, mobileEmulationEnabled=false, networkConnectionEnabled=false, chrome={chromedriverVersion=2.27.440174 (e97a722caafc2d3a8b807ee115bfb307f7d2cfd9), userDataDir=C:\Users\Edge\AppData\Local\Temp\4\scoped_dir13008_20705}, takesHeapSnapshot=true, pageLoadStrategy=normal, databaseEnabled=false, handlesAlerts=true, hasTouchScreen=false, version=56.0.2924.87, platform=WIN8_1, browserConnectionEnabled=false, nativeEvents=true, acceptSslCerts=true, locationContextEnabled=true, webStorageEnabled=true, browserName=chrome, takesScreenshot=true, javascriptEnabled=true, cssSelectorsEnabled=true, unexpectedAlertBehaviour=}]
Session ID: dbda6976f64f9ccfb8d1f1d363169376
*** Element info: {Using=xpath, value=//a[contains(.,'Ordering')]}]]>
            </message>
            <full-stacktrace>
              <![CDATA[org.openqa.selenium.NoSuchElementException: no such element: Unable to locate element: {"method":"xpath","selector":"//a[contains(.,'Ordering')]"}
  (Session info: chrome=56.0.2924.87)
  (Driver info: chromedriver=2.27.440174 (e97a722caafc2d3a8b807ee115bfb307f7d2cfd9),platform=Windows NT 6.3.9600 x86_64) (WARNING: The server did not provide any stacktrace information)
Command duration or timeout: 5.07 seconds
For documentation on this error, please visit: http://seleniumhq.org/exceptions/no_such_element.html
Build info: version: '3.0.1', revision: '1969d75', time: '2016-10-18 09:49:13 -0700'
System info: host: '1SF28Q', ip: '67.225.160.228', os.name: 'Windows Server 2012 R2', os.arch: 'amd64', os.version: '6.3', java.version: '1.8.0_121'
Driver info: org.openqa.selenium.chrome.ChromeDriver
Capabilities [{applicationCacheEnabled=false, rotatable=false, mobileEmulationEnabled=false, networkConnectionEnabled=false, chrome={chromedriverVersion=2.27.440174 (e97a722caafc2d3a8b807ee115bfb307f7d2cfd9), userDataDir=C:\Users\Edge\AppData\Local\Temp\4\scoped_dir13008_20705}, takesHeapSnapshot=true, pageLoadStrategy=normal, databaseEnabled=false, handlesAlerts=true, hasTouchScreen=false, version=56.0.2924.87, platform=WIN8_1, browserConnectionEnabled=false, nativeEvents=true, acceptSslCerts=true, locationContextEnabled=true, webStorageEnabled=true, browserName=chrome, takesScreenshot=true, javascriptEnabled=true, cssSelectorsEnabled=true, unexpectedAlertBehaviour=}]
Session ID: dbda6976f64f9ccfb8d1f1d363169376
*** Element info: {Using=xpath, value=//a[contains(.,'Ordering')]}
	at sun.reflect.NativeConstructorAccessorImpl.newInstance0(Native Method)
	at sun.reflect.NativeConstructorAccessorImpl.newInstance(NativeConstructorAccessorImpl.java:62)
	at sun.reflect.DelegatingConstructorAccessorImpl.newInstance(DelegatingConstructorAccessorImpl.java:45)
	at java.lang.reflect.Constructor.newInstance(Constructor.java:423)
	at org.openqa.selenium.remote.ErrorHandler.createThrowable(ErrorHandler.java:216)
	at org.openqa.selenium.remote.ErrorHandler.throwIfResponseFailed(ErrorHandler.java:168)
	at org.openqa.selenium.remote.RemoteWebDriver.execute(RemoteWebDriver.java:635)
	at org.openqa.selenium.remote.RemoteWebDriver.findElement(RemoteWebDriver.java:368)
	at org.openqa.selenium.remote.RemoteWebDriver.findElementByXPath(RemoteWebDriver.java:473)
	at org.openqa.selenium.By$ByXPath.findElement(By.java:361)
	at org.openqa.selenium.remote.RemoteWebDriver.findElement(RemoteWebDriver.java:360)
	at com.edge.CheneyOnline.CommonCheney.LoginCheney(CommonCheney.java:53)
	at com.edge.CheneyOnline.TestCheneyOnline.Wycliff_Cheney(TestCheneyOnline.java:200)
	at sun.reflect.NativeMethodAccessorImpl.invoke0(Native Method)
	at sun.reflect.NativeMethodAccessorImpl.invoke(NativeMethodAccessorImpl.java:62)
	at sun.reflect.DelegatingMethodAccessorImpl.invoke(DelegatingMethodAccessorImpl.java:43)
	at java.lang.reflect.Method.invoke(Method.java:498)
	at org.testng.internal.MethodInvocationHelper.invokeMethod(MethodInvocationHelper.java:80)
	at org.testng.internal.Invoker.invokeMethod(Invoker.java:714)
	at org.testng.internal.Invoker.invokeTestMethod(Invoker.java:901)
	at org.testng.internal.Invoker.invokeTestMethods(Invoker.java:1231)
	at org.testng.internal.TestMethodWorker.invokeTestMethods(TestMethodWorker.java:127)
	at org.testng.internal.TestMethodWorker.run(TestMethodWorker.java:111)
	at org.testng.TestRunner.privateRun(TestRunner.java:767)
	at org.testng.TestRunner.run(TestRunner.java:617)
	at org.testng.SuiteRunner.runTest(SuiteRunner.java:334)
	at org.testng.SuiteRunner.runSequentially(SuiteRunner.java:329)
	at org.testng.SuiteRunner.privateRun(SuiteRunner.java:291)
	at org.testng.SuiteRunner.run(SuiteRunner.java:240)
	at org.testng.SuiteRunnerWorker.runSuite(SuiteRunnerWorker.java:52)
	at org.testng.SuiteRunnerWorker.run(SuiteRunnerWorker.java:86)
	at org.testng.TestNG.runSuitesSequentially(TestNG.java:1198)
	at org.testng.TestNG.runSuitesLocally(TestNG.java:1123)
	at org.testng.TestNG.run(TestNG.java:1031)
	at org.testng.remote.AbstractRemoteTestNG.run(AbstractRemoteTestNG.java:132)
	at org.testng.remote.RemoteTestNG.initAndRun(RemoteTestNG.java:230)
	at org.testng.remote.RemoteTestNG.main(RemoteTestNG.java:76)
]]>
            </full-stacktrace>
          </exception> <!-- org.openqa.selenium.NoSuchElementException -->
          <reporter-output>
          </reporter-output>
        </test-method> <!-- Wycliff_Cheney -->
        <test-method status="PASS" signature="pretearDown()[pri:0, instance:com.edge.CheneyOnline.TestCheneyOnline@399f45b1]" name="pretearDown" is-config="true" duration-ms="751" started-at="2017-03-19T03:06:32Z" finished-at="2017-03-19T03:06:33Z">
          <reporter-output>
          </reporter-output>
        </test-method> <!-- pretearDown -->
        <test-method status="PASS" signature="beforeTest()[pri:0, instance:com.edge.CheneyOnline.TestCheneyOnline@399f45b1]" name="beforeTest" is-config="true" duration-ms="1783" started-at="2017-03-19T03:06:39Z" finished-at="2017-03-19T03:06:41Z">
          <reporter-output>
          </reporter-output>
        </test-method> <!-- beforeTest -->
        <test-method status="PASS" signature="BocaLago_Cheney()[pri:0, instance:com.edge.CheneyOnline.TestCheneyOnline@399f45b1]" name="BocaLago_Cheney" duration-ms="48631" started-at="2017-03-19T03:06:41Z" finished-at="2017-03-19T03:07:29Z">
          <reporter-output>
          </reporter-output>
        </test-method> <!-- BocaLago_Cheney -->
        <test-method status="PASS" signature="pretearDown()[pri:0, instance:com.edge.CheneyOnline.TestCheneyOnline@399f45b1]" name="pretearDown" is-config="true" duration-ms="892" started-at="2017-03-19T03:07:29Z" finished-at="2017-03-19T03:07:30Z">
          <reporter-output>
          </reporter-output>
        </test-method> <!-- pretearDown -->
        <test-method status="PASS" signature="beforeTest()[pri:0, instance:com.edge.CheneyOnline.TestCheneyOnline@399f45b1]" name="beforeTest" is-config="true" duration-ms="1305" started-at="2017-03-19T03:07:30Z" finished-at="2017-03-19T03:07:32Z">
          <reporter-output>
          </reporter-output>
        </test-method> <!-- beforeTest -->
        <test-method status="PASS" signature="Woodfield_Cheney()[pri:0, instance:com.edge.CheneyOnline.TestCheneyOnline@399f45b1]" name="Woodfield_Cheney" duration-ms="46593" started-at="2017-03-19T03:07:32Z" finished-at="2017-03-19T03:08:18Z">
          <reporter-output>
          </reporter-output>
        </test-method> <!-- Woodfield_Cheney -->
        <test-method status="PASS" signature="pretearDown()[pri:0, instance:com.edge.CheneyOnline.TestCheneyOnline@399f45b1]" name="pretearDown" is-config="true" duration-ms="813" started-at="2017-03-19T03:08:18Z" finished-at="2017-03-19T03:08:19Z">
          <reporter-output>
          </reporter-output>
        </test-method> <!-- pretearDown -->
        <test-method status="PASS" signature="beforeTest()[pri:0, instance:com.edge.CheneyOnline.TestCheneyOnline@399f45b1]" name="beforeTest" is-config="true" duration-ms="1036" started-at="2017-03-19T03:08:19Z" finished-at="2017-03-19T03:08:20Z">
          <reporter-output>
          </reporter-output>
        </test-method> <!-- beforeTest -->
        <test-method status="PASS" signature="ConchRep_Cheney()[pri:0, instance:com.edge.CheneyOnline.TestCheneyOnline@399f45b1]" name="ConchRep_Cheney" duration-ms="58620" started-at="2017-03-19T03:08:20Z" finished-at="2017-03-19T03:09:19Z">
          <reporter-output>
          </reporter-output>
        </test-method> <!-- ConchRep_Cheney -->
        <test-method status="PASS" signature="pretearDown()[pri:0, instance:com.edge.CheneyOnline.TestCheneyOnline@399f45b1]" name="pretearDown" is-config="true" duration-ms="756" started-at="2017-03-19T03:09:19Z" finished-at="2017-03-19T03:09:20Z">
          <reporter-output>
          </reporter-output>
        </test-method> <!-- pretearDown -->
        <test-method status="PASS" signature="AfterClass()[pri:0, instance:com.edge.CheneyOnline.TestCheneyOnline@399f45b1]" name="AfterClass" is-config="true" duration-ms="5" started-at="2017-03-19T03:09:20Z" finished-at="2017-03-19T03:09:20Z">
          <reporter-output>
          </reporter-output>
        </test-method> <!-- AfterClass -->
      </class> <!-- com.edge.CheneyOnline.TestCheneyOnline -->
    </test> <!-- Default test -->
  </suite> <!-- Default suite -->
</testng-results>
