<?xml version="1.0" encoding="UTF-8"?>
<testng-results skipped="0" failed="0" total="3" passed="3">
  <reporter-output>
  </reporter-output>
  <suite name="Default suite" duration-ms="192218" started-at="2017-11-26T21:49:09Z" finished-at="2017-11-26T21:52:21Z">
    <groups>
    </groups>
    <test name="Default test" duration-ms="192218" started-at="2017-11-26T21:49:09Z" finished-at="2017-11-26T21:52:21Z">
      <class name="com.edge.CheneyOnline.TestCheneyExecutor">
        <test-method status="PASS" signature="beforeData()[pri:0, instance:com.edge.CheneyOnline.TestCheneyExecutor@557caf28]" name="beforeData" is-config="true" duration-ms="13447" started-at="2017-11-27T03:19:09Z" finished-at="2017-11-27T03:19:22Z">
          <reporter-output>
          </reporter-output>
        </test-method> <!-- beforeData -->
        <test-method status="PASS" signature="Export_Mail_OG(java.lang.String, java.lang.String, java.lang.String, java.lang.String, java.lang.String, java.lang.String, java.lang.String, java.lang.String, java.lang.String)[pri:0, instance:com.edge.CheneyOnline.TestCheneyExecutor@557caf28]" name="Export_Mail_OG" duration-ms="33553" started-at="2017-11-27T03:19:29Z" data-provider="testData" finished-at="2017-11-27T03:20:03Z">
          <params>
            <param index="0">
              <value>
                <![CDATA[No]]>
              </value>
            </param>
            <param index="1">
              <value>
                <![CDATA[Dada_Cheney]]>
              </value>
            </param>
            <param index="2">
              <value>
                <![CDATA[Cheney]]>
              </value>
            </param>
            <param index="3">
              <value>
                <![CDATA[Dada of Delray]]>
              </value>
            </param>
            <param index="4">
              <value>
                <![CDATA[025991-00CBI]]>
              </value>
            </param>
            <param index="5">
              <value>
                <![CDATA[Dada2599]]>
              </value>
            </param>
            <param index="6">
              <value is-null="true"/>
            </param>
            <param index="7">
              <value is-null="true"/>
            </param>
            <param index="8">
              <value is-null="true"/>
            </param>
          </params>
          <reporter-output>
          </reporter-output>
        </test-method> <!-- Export_Mail_OG -->
        <test-method status="PASS" signature="writeExcel()[pri:0, instance:com.edge.CheneyOnline.TestCheneyExecutor@557caf28]" name="writeExcel" is-config="true" duration-ms="544" started-at="2017-11-27T03:20:03Z" finished-at="2017-11-27T03:20:03Z">
          <reporter-output>
          </reporter-output>
        </test-method> <!-- writeExcel -->
        <test-method status="PASS" signature="Export_Mail_OG(java.lang.String, java.lang.String, java.lang.String, java.lang.String, java.lang.String, java.lang.String, java.lang.String, java.lang.String, java.lang.String)[pri:0, instance:com.edge.CheneyOnline.TestCheneyExecutor@557caf28]" name="Export_Mail_OG" duration-ms="19984" started-at="2017-11-27T03:20:03Z" data-provider="testData" finished-at="2017-11-27T03:20:23Z">
          <params>
            <param index="0">
              <value>
                <![CDATA[No]]>
              </value>
            </param>
            <param index="1">
              <value>
                <![CDATA[House_Cheney]]>
              </value>
            </param>
            <param index="2">
              <value>
                <![CDATA[Cheney - Offline GP]]>
              </value>
            </param>
            <param index="3">
              <value>
                <![CDATA[House K&B]]>
              </value>
            </param>
            <param index="4">
              <value>
                <![CDATA[60030538CBI]]>
              </value>
            </param>
            <param index="5">
              <value>
                <![CDATA[Hkab3053]]>
              </value>
            </param>
            <param index="6">
              <value is-null="true"/>
            </param>
            <param index="7">
              <value is-null="true"/>
            </param>
            <param index="8">
              <value is-null="true"/>
            </param>
          </params>
          <reporter-output>
          </reporter-output>
        </test-method> <!-- Export_Mail_OG -->
        <test-method status="PASS" signature="writeExcel()[pri:0, instance:com.edge.CheneyOnline.TestCheneyExecutor@557caf28]" name="writeExcel" is-config="true" duration-ms="200" started-at="2017-11-27T03:20:23Z" finished-at="2017-11-27T03:20:24Z">
          <reporter-output>
          </reporter-output>
        </test-method> <!-- writeExcel -->
        <test-method status="PASS" signature="Export_Mail_OG(java.lang.String, java.lang.String, java.lang.String, java.lang.String, java.lang.String, java.lang.String, java.lang.String, java.lang.String, java.lang.String)[pri:0, instance:com.edge.CheneyOnline.TestCheneyExecutor@557caf28]" name="Export_Mail_OG" duration-ms="115362" started-at="2017-11-27T03:20:24Z" data-provider="testData" finished-at="2017-11-27T03:22:19Z">
          <params>
            <param index="0">
              <value>
                <![CDATA[Yes]]>
              </value>
            </param>
            <param index="1">
              <value>
                <![CDATA[TownKitchen_Cheney]]>
              </value>
            </param>
            <param index="2">
              <value>
                <![CDATA[Cheney - Offline GP]]>
              </value>
            </param>
            <param index="3">
              <value>
                <![CDATA[Town K&B]]>
              </value>
            </param>
            <param index="4">
              <value>
                <![CDATA[60030538CBI]]>
              </value>
            </param>
            <param index="5">
              <value>
                <![CDATA[Hkab3053]]>
              </value>
            </param>
            <param index="6">
              <value is-null="true"/>
            </param>
            <param index="7">
              <value is-null="true"/>
            </param>
            <param index="8">
              <value is-null="true"/>
            </param>
          </params>
          <reporter-output>
          </reporter-output>
        </test-method> <!-- Export_Mail_OG -->
        <test-method status="PASS" signature="writeExcel()[pri:0, instance:com.edge.CheneyOnline.TestCheneyExecutor@557caf28]" name="writeExcel" is-config="true" duration-ms="134" started-at="2017-11-27T03:22:19Z" finished-at="2017-11-27T03:22:19Z">
          <reporter-output>
          </reporter-output>
        </test-method> <!-- writeExcel -->
        <test-method status="PASS" signature="sendMail()[pri:0, instance:com.edge.CheneyOnline.TestCheneyExecutor@557caf28]" name="sendMail" is-config="true" duration-ms="4" started-at="2017-11-27T03:22:19Z" finished-at="2017-11-27T03:22:19Z">
          <reporter-output>
          </reporter-output>
        </test-method> <!-- sendMail -->
        <test-method status="PASS" signature="closeResources()[pri:0, instance:com.edge.CheneyOnline.TestCheneyExecutor@557caf28]" name="closeResources" is-config="true" duration-ms="1823" started-at="2017-11-27T03:22:19Z" finished-at="2017-11-27T03:22:21Z">
          <reporter-output>
          </reporter-output>
        </test-method> <!-- closeResources -->
      </class> <!-- com.edge.CheneyOnline.TestCheneyExecutor -->
    </test> <!-- Default test -->
  </suite> <!-- Default suite -->
</testng-results>
